2022-04-14 11:17:12 [scrapy.utils.log] INFO: Scrapy 2.6.1 started (bot: health)
2022-04-14 11:17:12 [scrapy.utils.log] INFO: Versions: lxml 4.8.0.0, libxml2 2.9.12, cssselect 1.1.0, parsel 1.6.0, w3lib 1.22.0, Twisted 22.2.0, Python 3.8.3 (tags/v3.8.3:6f8c832, May 13 2020, 22:37:02) [MSC v.1924 64 bit (AMD64)], pyOpenSSL 22.0.0 (OpenSSL 1.1.1n  15 Mar 2022), cryptography 36.0.2, Platform Windows-10-10.0.19041-SP0
2022-04-14 11:17:12 [scrapy.crawler] INFO: Overridden settings:
{'BOT_NAME': 'health',
 'DUPEFILTER_CLASS': 'scrapy_redis.dupefilter.RFPDupeFilter',
 'LOG_FILE': 'logs\\health\\healdir\\9b826e14bb9011ecac637cb27d6148f0.log',
 'NEWSPIDER_MODULE': 'health.spiders',
 'ROBOTSTXT_OBEY': True,
 'SCHEDULER': 'scrapy_redis.scheduler.Scheduler',
 'SPIDER_MODULES': ['health.spiders']}
2022-04-14 11:17:12 [scrapy.utils.log] DEBUG: Using reactor: twisted.internet.selectreactor.SelectReactor
2022-04-14 11:17:12 [scrapy.extensions.telnet] INFO: Telnet Password: f08c7b312a650009
2022-04-14 11:17:12 [scrapy.middleware] INFO: Enabled extensions:
['scrapy.extensions.corestats.CoreStats',
 'scrapy.extensions.telnet.TelnetConsole',
 'scrapy.extensions.logstats.LogStats']
2022-04-14 11:17:12 [healdir] INFO: Reading start URLs from redis key 'healdir:start_urls' (batch size: 16, encoding: utf-8)
2022-04-14 11:17:13 [scrapy.middleware] INFO: Enabled downloader middlewares:
['scrapy.downloadermiddlewares.robotstxt.RobotsTxtMiddleware',
 'scrapy.downloadermiddlewares.httpauth.HttpAuthMiddleware',
 'scrapy.downloadermiddlewares.downloadtimeout.DownloadTimeoutMiddleware',
 'scrapy.downloadermiddlewares.defaultheaders.DefaultHeadersMiddleware',
 'scrapy.downloadermiddlewares.useragent.UserAgentMiddleware',
 'scrapy.downloadermiddlewares.retry.RetryMiddleware',
 'scrapy.downloadermiddlewares.redirect.MetaRefreshMiddleware',
 'scrapy.downloadermiddlewares.httpcompression.HttpCompressionMiddleware',
 'scrapy.downloadermiddlewares.redirect.RedirectMiddleware',
 'scrapy.downloadermiddlewares.cookies.CookiesMiddleware',
 'scrapy.downloadermiddlewares.httpproxy.HttpProxyMiddleware',
 'scrapy.downloadermiddlewares.stats.DownloaderStats']
2022-04-14 11:17:13 [scrapy.middleware] INFO: Enabled spider middlewares:
['scrapy.spidermiddlewares.httperror.HttpErrorMiddleware',
 'scrapy.spidermiddlewares.offsite.OffsiteMiddleware',
 'health.middlewares.HealthSpiderMiddleware',
 'scrapy.spidermiddlewares.referer.RefererMiddleware',
 'scrapy.spidermiddlewares.urllength.UrlLengthMiddleware',
 'scrapy.spidermiddlewares.depth.DepthMiddleware']
2022-04-14 11:17:13 [scrapy.middleware] INFO: Enabled item pipelines:
['health.pipelines.downPipeline', 'health.pipelines.MongoPipeline']
2022-04-14 11:17:13 [scrapy.core.engine] INFO: Spider opened
2022-04-14 11:17:15 [twisted] CRITICAL: Unhandled error in Deferred:
2022-04-14 11:17:15 [twisted] CRITICAL: 
Traceback (most recent call last):
  File "c:\users\46121\pycharmprojects\cs65_3\vr_env\lib\site-packages\redis\connection.py", line 614, in connect
    sock = self.retry.call_with_retry(
  File "c:\users\46121\pycharmprojects\cs65_3\vr_env\lib\site-packages\redis\retry.py", line 45, in call_with_retry
    return do()
  File "c:\users\46121\pycharmprojects\cs65_3\vr_env\lib\site-packages\redis\connection.py", line 615, in <lambda>
    lambda: self._connect(), lambda error: self.disconnect(error)
  File "c:\users\46121\pycharmprojects\cs65_3\vr_env\lib\site-packages\redis\connection.py", line 680, in _connect
    raise err
  File "c:\users\46121\pycharmprojects\cs65_3\vr_env\lib\site-packages\redis\connection.py", line 668, in _connect
    sock.connect(socket_address)
ConnectionRefusedError: [WinError 10061] No connection could be made because the target machine actively refused it

During handling of the above exception, another exception occurred:

Traceback (most recent call last):
  File "c:\users\46121\pycharmprojects\cs65_3\vr_env\lib\site-packages\twisted\internet\defer.py", line 1660, in _inlineCallbacks
    result = current_context.run(gen.send, result)
  File "c:\users\46121\pycharmprojects\cs65_3\vr_env\lib\site-packages\scrapy\crawler.py", line 104, in crawl
    yield self.engine.open_spider(self.spider, start_requests)
redis.exceptions.ConnectionError: Error 10061 connecting to 127.0.0.1:6379. No connection could be made because the target machine actively refused it.
